MyApp/app/build/intermediates/manifest_merge_blame_file/debug/manifest-merger-blame-debug-report.txt
1<?xml version="1.0" encoding="utf-8"?>
2<manifest xmlns:android="http://schemas.android.com/apk/res/android"
3    package="com.example.myapp"
4    android:versionCode="1"
5    android:versionName="1.0" >
6
7    <uses-sdk
8        android:minSdkVersion="21"
8-->src/main/AndroidManifest.xml
9        android:targetSdkVersion="31" />
9-->src/main/AndroidManifest.xml
10
11    <uses-permission android:name="android.permission.BLUETOOTH" />
11-->src/main/AndroidManifest.xml:4:1-63
11-->src/main/AndroidManifest.xml:4:18-61
12    <uses-permission android:name="android.permission.BLUETOOTH_ADMIN" />
12-->src/main/AndroidManifest.xml:5:1-69
12-->src/main/AndroidManifest.xml:5:18-67
13    <uses-permission android:name="android.permission.ACCESS_FINE_LOCATION" />
13-->src/main/AndroidManifest.xml:6:1-74
13-->src/main/AndroidManifest.xml:6:18-72
14
15    <application
15-->src/main/AndroidManifest.xml:8:1-19:15
16        android:appComponentFactory="androidx.core.app.CoreComponentFactory"
16-->[androidx.core:core:1.8.0] AndroidManifest.xml:24:18-86
17        android:debuggable="true"
18        android:label="Fareed"
18-->src/main/AndroidManifest.xml:9:5-27
19        android:theme="@style/Theme.AppCompat" >
19-->src/main/AndroidManifest.xml:10:5-43
20        <activity
20-->src/main/AndroidManifest.xml:12:5-17:16
21            android:name="com.example.myapp.MainActivity"
21-->src/main/AndroidManifest.xml:12:15-43
22            android:exported="true" >
22-->src/main/AndroidManifest.xml:12:44-67
23            <intent-filter>
23-->src/main/AndroidManifest.xml:13:9-16:25
24                <action android:name="android.intent.action.MAIN" />
24-->src/main/AndroidManifest.xml:14:13-64
24-->src/main/AndroidManifest.xml:14:21-62
25
26                <category android:name="android.intent.category.LAUNCHER" />
26-->src/main/AndroidManifest.xml:15:13-72
26-->src/main/AndroidManifest.xml:15:23-70
27            </intent-filter>
28        </activity>
29
30        <provider
30-->[androidx.emoji2:emoji2:1.0.0] AndroidManifest.xml:26:9-34:20
31            android:name="androidx.startup.InitializationProvider"
31-->[androidx.emoji2:emoji2:1.0.0] AndroidManifest.xml:27:13-67
32            android:authorities="com.example.myapp.androidx-startup"
32-->[androidx.emoji2:emoji2:1.0.0] AndroidManifest.xml:28:13-68
33            android:exported="false" >
33-->[androidx.emoji2:emoji2:1.0.0] AndroidManifest.xml:29:13-37
34            <meta-data
34-->[androidx.emoji2:emoji2:1.0.0] AndroidManifest.xml:31:13-33:52
35                android:name="androidx.emoji2.text.EmojiCompatInitializer"
35-->[androidx.emoji2:emoji2:1.0.0] AndroidManifest.xml:32:17-75
36                android:value="androidx.startup" />
36-->[androidx.emoji2:emoji2:1.0.0] AndroidManifest.xml:33:17-49
37            <meta-data
37-->[androidx.lifecycle:lifecycle-process:2.4.0] AndroidManifest.xml:31:13-33:52
38                android:name="androidx.lifecycle.ProcessLifecycleInitializer"
38-->[androidx.lifecycle:lifecycle-process:2.4.0] AndroidManifest.xml:32:17-78
39                android:value="androidx.startup" />
39-->[androidx.lifecycle:lifecycle-process:2.4.0] AndroidManifest.xml:33:17-49
40        </provider>
41    </application>
42
43</manifest>